[ INFO ] [2017-12-26 08:49:30] com.netflix.discovery.shared.resolver.aws.ConfigClusterResolver [43] - Resolving eureka endpoints via configuration
[ INFO ] [2017-12-26 08:49:29] com.netflix.eureka.registry.AbstractInstanceRegistry [1254] - Running the evict task with compensationTime 20196ms
[ INFO ] [2017-12-26 08:50:29] com.netflix.eureka.registry.AbstractInstanceRegistry [1254] - Running the evict task with compensationTime 1ms
[ INFO ] [2017-12-26 08:51:29] com.netflix.eureka.registry.AbstractInstanceRegistry [1254] - Running the evict task with compensationTime 3ms
[ INFO ] [2017-12-26 08:52:29] com.netflix.eureka.registry.AbstractInstanceRegistry [1254] - Running the evict task with compensationTime 2ms
[ INFO ] [2017-12-26 08:52:49] com.netflix.discovery.shared.resolver.aws.ConfigClusterResolver [43] - Resolving eureka endpoints via configuration
[ INFO ] [2017-12-26 08:53:29] com.netflix.eureka.registry.AbstractInstanceRegistry [1254] - Running the evict task with compensationTime 0ms
[ WARN ] [2017-12-26 08:54:07] com.netflix.eureka.cluster.PeerEurekaNodes [156] - The replica size seems to be empty. Check the route 53 DNS Registry
[ INFO ] [2017-12-26 08:54:29] com.netflix.eureka.registry.AbstractInstanceRegistry [1254] - Running the evict task with compensationTime 5ms
[ INFO ] [2017-12-26 08:54:30] com.netflix.discovery.shared.resolver.aws.ConfigClusterResolver [43] - Resolving eureka endpoints via configuration
[ INFO ] [2017-12-26 08:55:29] com.netflix.eureka.registry.AbstractInstanceRegistry [1254] - Running the evict task with compensationTime 3ms
[ INFO ] [2017-12-26 08:56:29] com.netflix.eureka.registry.AbstractInstanceRegistry [1254] - Running the evict task with compensationTime 2ms
[ INFO ] [2017-12-26 08:57:29] com.netflix.eureka.registry.AbstractInstanceRegistry [1254] - Running the evict task with compensationTime 4ms
[ INFO ] [2017-12-26 08:57:49] com.netflix.discovery.shared.resolver.aws.ConfigClusterResolver [43] - Resolving eureka endpoints via configuration
[ INFO ] [2017-12-26 08:58:29] com.netflix.eureka.registry.AbstractInstanceRegistry [1254] - Running the evict task with compensationTime 2ms
[ INFO ] [2017-12-26 08:59:07] com.netflix.eureka.registry.PeerAwareInstanceRegistryImpl [541] - Current renewal threshold is : 5
[ INFO ] [2017-12-26 08:59:29] com.netflix.eureka.registry.AbstractInstanceRegistry [1254] - Running the evict task with compensationTime 1ms
[ INFO ] [2017-12-26 08:59:30] com.netflix.discovery.shared.resolver.aws.ConfigClusterResolver [43] - Resolving eureka endpoints via configuration
[ INFO ] [2017-12-26 09:00:29] com.netflix.eureka.registry.AbstractInstanceRegistry [1254] - Running the evict task with compensationTime 3ms
[ INFO ] [2017-12-26 09:01:29] com.netflix.eureka.registry.AbstractInstanceRegistry [1254] - Running the evict task with compensationTime 0ms
[ INFO ] [2017-12-26 09:02:29] com.netflix.eureka.registry.AbstractInstanceRegistry [1254] - Running the evict task with compensationTime 5ms
[ INFO ] [2017-12-26 09:02:49] com.netflix.discovery.shared.resolver.aws.ConfigClusterResolver [43] - Resolving eureka endpoints via configuration
[ INFO ] [2017-12-26 09:03:29] com.netflix.eureka.registry.AbstractInstanceRegistry [1254] - Running the evict task with compensationTime 2ms
[ WARN ] [2017-12-26 09:04:08] com.netflix.eureka.cluster.PeerEurekaNodes [156] - The replica size seems to be empty. Check the route 53 DNS Registry
[ INFO ] [2017-12-26 09:04:29] com.netflix.eureka.registry.AbstractInstanceRegistry [1254] - Running the evict task with compensationTime 3ms
[ INFO ] [2017-12-26 09:04:30] com.netflix.discovery.shared.resolver.aws.ConfigClusterResolver [43] - Resolving eureka endpoints via configuration
[ INFO ] [2017-12-26 09:05:29] com.netflix.eureka.registry.AbstractInstanceRegistry [1254] - Running the evict task with compensationTime 4ms
[ INFO ] [2017-12-26 09:06:29] com.netflix.eureka.registry.AbstractInstanceRegistry [1254] - Running the evict task with compensationTime 0ms
[ INFO ] [2017-12-26 09:07:29] com.netflix.eureka.registry.AbstractInstanceRegistry [1254] - Running the evict task with compensationTime 3ms
[ INFO ] [2017-12-26 09:07:49] com.netflix.discovery.shared.resolver.aws.ConfigClusterResolver [43] - Resolving eureka endpoints via configuration
[ INFO ] [2017-12-26 09:08:29] com.netflix.eureka.registry.AbstractInstanceRegistry [1254] - Running the evict task with compensationTime 4ms
[ INFO ] [2017-12-26 09:09:29] com.netflix.eureka.registry.AbstractInstanceRegistry [1254] - Running the evict task with compensationTime 5ms
[ INFO ] [2017-12-26 09:09:30] com.netflix.discovery.shared.resolver.aws.ConfigClusterResolver [43] - Resolving eureka endpoints via configuration
[ INFO ] [2017-12-26 09:10:29] com.netflix.eureka.registry.AbstractInstanceRegistry [1254] - Running the evict task with compensationTime 2ms
[ INFO ] [2017-12-26 09:10:37] org.springframework.boot.context.embedded.AnnotationConfigEmbeddedWebApplicationContext [987] - Closing org.springframework.boot.context.embedded.AnnotationConfigEmbeddedWebApplicationContext@3f36b447: startup date [Mon Dec 25 15:44:02 CST 2017]; parent: org.springframework.context.annotation.AnnotationConfigApplicationContext@401f7633
[ INFO ] [2017-12-26 09:10:37] org.springframework.cloud.netflix.eureka.serviceregistry.EurekaServiceRegistry [64] - Unregistering application service-discovery with eureka with status DOWN
[ INFO ] [2017-12-26 09:10:37] com.netflix.discovery.DiscoveryClient [852] - Shutting down DiscoveryClient ...
[ INFO ] [2017-12-26 09:10:37] com.netflix.discovery.DiscoveryClient [873] - Completed shut down of DiscoveryClient
[ INFO ] [2017-12-26 09:10:37] org.springframework.boot.context.embedded.AnnotationConfigEmbeddedWebApplicationContext [987] - Closing org.springframework.boot.context.embedded.AnnotationConfigEmbeddedWebApplicationContext@4e558728: startup date [Mon Dec 25 15:47:48 CST 2017]; parent: org.springframework.context.annotation.AnnotationConfigApplicationContext@18a136ac
[ INFO ] [2017-12-26 09:10:37] org.springframework.context.support.DefaultLifecycleProcessor [358] - Stopping beans in phase 0
[ INFO ] [2017-12-26 09:10:37] org.springframework.cloud.netflix.eureka.serviceregistry.EurekaServiceRegistry [64] - Unregistering application SERVICE-HELLO with eureka with status DOWN
[ WARN ] [2017-12-26 09:10:37] com.netflix.discovery.DiscoveryClient [1277] - Saw local status change event StatusChangeEvent [timestamp=1514250637857, current=DOWN, previous=UP]
[ INFO ] [2017-12-26 09:10:37] com.netflix.discovery.DiscoveryClient [795] - DiscoveryClient_SERVICE-HELLO/192.168.200.245:SERVICE-HELLO:2100: registering service...
[ INFO ] [2017-12-26 09:10:37] com.netflix.discovery.DiscoveryClient [852] - Shutting down DiscoveryClient ...
[ INFO ] [2017-12-26 09:10:37] com.netflix.discovery.DiscoveryClient [884] - Unregistering ...
[ INFO ] [2017-12-26 09:10:37] com.netflix.eureka.DefaultEurekaServerContext [72] - Shutting down ...
[ INFO ] [2017-12-26 09:10:37] com.netflix.eureka.registry.AbstractInstanceRegistry [267] - Registered instance SERVICE-HELLO/192.168.200.245:SERVICE-HELLO:2100 with status DOWN (replication=false)
[ INFO ] [2017-12-26 09:10:37] com.netflix.discovery.DiscoveryClient [804] - DiscoveryClient_SERVICE-HELLO/192.168.200.245:SERVICE-HELLO:2100 - registration status: 204
[ INFO ] [2017-12-26 09:10:37] com.netflix.loadbalancer.PollingServerListUpdater [53] - Shutting down the Executor Pool for PollingServerListUpdater
[ INFO ] [2017-12-26 09:10:37] org.springframework.boot.context.embedded.AnnotationConfigEmbeddedWebApplicationContext [987] - Closing org.springframework.boot.context.embedded.AnnotationConfigEmbeddedWebApplicationContext@7ba63fe5: startup date [Mon Dec 25 16:01:23 CST 2017]; parent: org.springframework.context.annotation.AnnotationConfigApplicationContext@75d2da2d
[ INFO ] [2017-12-26 09:10:37] com.netflix.eureka.registry.AbstractInstanceRegistry [331] - Cancelled instance SERVICE-HELLO/192.168.200.245:SERVICE-HELLO:2100 (replication=false)
[ INFO ] [2017-12-26 09:10:37] com.netflix.discovery.DiscoveryClient [886] - DiscoveryClient_SERVICE-HELLO/192.168.200.245:SERVICE-HELLO:2100 - deregister  status: 200
[ INFO ] [2017-12-26 09:10:37] com.netflix.eureka.DefaultEurekaServerContext [75] - Shut down
[ INFO ] [2017-12-26 09:10:37] org.springframework.cloud.netflix.eureka.serviceregistry.EurekaServiceRegistry [64] - Unregistering application consumer-hello with eureka with status DOWN
[ WARN ] [2017-12-26 09:10:37] com.netflix.discovery.DiscoveryClient [1277] - Saw local status change event StatusChangeEvent [timestamp=1514250637971, current=DOWN, previous=UP]
[ INFO ] [2017-12-26 09:10:37] com.netflix.discovery.DiscoveryClient [795] - DiscoveryClient_CONSUMER-HELLO/192.168.200.245:consumer-hello:8080: registering service...
[ INFO ] [2017-12-26 09:10:37] com.netflix.discovery.DiscoveryClient [852] - Shutting down DiscoveryClient ...
[ INFO ] [2017-12-26 09:10:38] com.netflix.discovery.DiscoveryClient [884] - Unregistering ...
[ INFO ] [2017-12-26 09:10:38] com.netflix.discovery.DiscoveryClient [873] - Completed shut down of DiscoveryClient
[ INFO ] [2017-12-26 09:10:38] com.netflix.eureka.registry.AbstractInstanceRegistry [267] - Registered instance CONSUMER-HELLO/192.168.200.245:consumer-hello:8080 with status DOWN (replication=false)
[ INFO ] [2017-12-26 09:10:38] com.netflix.discovery.DiscoveryClient [804] - DiscoveryClient_CONSUMER-HELLO/192.168.200.245:consumer-hello:8080 - registration status: 204
[ INFO ] [2017-12-26 09:10:38] com.netflix.eureka.registry.AbstractInstanceRegistry [331] - Cancelled instance CONSUMER-HELLO/192.168.200.245:consumer-hello:8080 (replication=false)
[ INFO ] [2017-12-26 09:10:38] com.netflix.discovery.DiscoveryClient [886] - DiscoveryClient_CONSUMER-HELLO/192.168.200.245:consumer-hello:8080 - deregister  status: 200
[ INFO ] [2017-12-26 09:10:38] org.springframework.context.support.DefaultLifecycleProcessor [358] - Stopping beans in phase 0
[ INFO ] [2017-12-26 09:10:38] org.springframework.boot.actuate.endpoint.jmx.EndpointMBeanExporter [449] - Unregistering JMX-exposed beans on shutdown
[ INFO ] [2017-12-26 09:10:38] org.springframework.boot.actuate.endpoint.jmx.EndpointMBeanExporter [241] - Unregistering JMX-exposed beans
[ INFO ] [2017-12-26 09:10:38] org.springframework.jmx.export.annotation.AnnotationMBeanExporter [449] - Unregistering JMX-exposed beans on shutdown
[ INFO ] [2017-12-26 09:10:38] org.springframework.jmx.export.annotation.AnnotationMBeanExporter [241] - Unregistering JMX-exposed beans
[ INFO ] [2017-12-26 09:10:38] com.netflix.discovery.DiscoveryClient [873] - Completed shut down of DiscoveryClient
[ INFO ] [2017-12-26 09:10:38] org.springframework.jmx.export.annotation.AnnotationMBeanExporter [449] - Unregistering JMX-exposed beans on shutdown
[ INFO ] [2017-12-26 09:10:38] org.springframework.jmx.export.annotation.AnnotationMBeanExporter [241] - Unregistering JMX-exposed beans
[ INFO ] [2017-12-26 09:10:38] org.springframework.context.support.DefaultLifecycleProcessor [358] - Stopping beans in phase 0
[ INFO ] [2017-12-26 09:10:38] org.springframework.jmx.export.annotation.AnnotationMBeanExporter [449] - Unregistering JMX-exposed beans on shutdown
[ INFO ] [2017-12-26 09:10:38] org.springframework.jmx.export.annotation.AnnotationMBeanExporter [241] - Unregistering JMX-exposed beans
[ INFO ] [2017-12-26 09:10:38] org.springframework.context.annotation.AnnotationConfigApplicationContext [987] - Closing org.springframework.context.annotation.AnnotationConfigApplicationContext@2b69cd79: startup date [Mon Dec 25 16:01:55 CST 2017]; parent: org.springframework.boot.context.embedded.AnnotationConfigEmbeddedWebApplicationContext@7ba63fe5
[ WARN ] [2017-12-26 09:10:38] org.springframework.context.annotation.AnnotationConfigApplicationContext [997] - Exception thrown from ApplicationListener handling ContextClosedEvent
org.springframework.beans.factory.BeanCreationNotAllowedException: Error creating bean with name 'eurekaAutoServiceRegistration': Singleton bean creation not allowed while singletons of this factory are in destruction (Do not request a bean from a BeanFactory in a destroy method implementation!)
	at org.springframework.beans.factory.support.DefaultSingletonBeanRegistry.getSingleton(DefaultSingletonBeanRegistry.java:216)
	at org.springframework.beans.factory.support.AbstractBeanFactory.doGetBean(AbstractBeanFactory.java:302)
	at org.springframework.beans.factory.support.AbstractBeanFactory.getBean(AbstractBeanFactory.java:197)
	at org.springframework.context.support.AbstractApplicationContext.getBean(AbstractApplicationContext.java:1081)
	at org.springframework.context.event.ApplicationListenerMethodAdapter.getTargetBean(ApplicationListenerMethodAdapter.java:280)
	at org.springframework.context.event.ApplicationListenerMethodAdapter.doInvoke(ApplicationListenerMethodAdapter.java:250)
	at org.springframework.context.event.ApplicationListenerMethodAdapter.processEvent(ApplicationListenerMethodAdapter.java:174)
	at org.springframework.context.event.ApplicationListenerMethodAdapter.onApplicationEvent(ApplicationListenerMethodAdapter.java:137)
	at org.springframework.context.event.SimpleApplicationEventMulticaster.invokeListener(SimpleApplicationEventMulticaster.java:167)
	at org.springframework.context.event.SimpleApplicationEventMulticaster.multicastEvent(SimpleApplicationEventMulticaster.java:139)
	at org.springframework.context.support.AbstractApplicationContext.publishEvent(AbstractApplicationContext.java:383)
	at org.springframework.context.support.AbstractApplicationContext.publishEvent(AbstractApplicationContext.java:389)
	at org.springframework.context.support.AbstractApplicationContext.publishEvent(AbstractApplicationContext.java:337)
	at org.springframework.context.support.AbstractApplicationContext.doClose(AbstractApplicationContext.java:994)
	at org.springframework.context.support.AbstractApplicationContext.close(AbstractApplicationContext.java:961)
	at org.springframework.cloud.context.named.NamedContextFactory.destroy(NamedContextFactory.java:76)
	at org.springframework.beans.factory.support.DisposableBeanAdapter.destroy(DisposableBeanAdapter.java:272)
	at org.springframework.beans.factory.support.DefaultSingletonBeanRegistry.destroyBean(DefaultSingletonBeanRegistry.java:578)
	at org.springframework.beans.factory.support.DefaultSingletonBeanRegistry.destroySingleton(DefaultSingletonBeanRegistry.java:554)
	at org.springframework.beans.factory.support.DefaultListableBeanFactory.destroySingleton(DefaultListableBeanFactory.java:961)
	at org.springframework.beans.factory.support.DefaultSingletonBeanRegistry.destroySingletons(DefaultSingletonBeanRegistry.java:523)
	at org.springframework.beans.factory.support.DefaultListableBeanFactory.destroySingletons(DefaultListableBeanFactory.java:968)
	at org.springframework.context.support.AbstractApplicationContext.destroyBeans(AbstractApplicationContext.java:1033)
	at org.springframework.context.support.AbstractApplicationContext.doClose(AbstractApplicationContext.java:1009)
	at org.springframework.context.support.AbstractApplicationContext$2.run(AbstractApplicationContext.java:928)
[ INFO ] [2017-12-26 09:10:38] com.netflix.util.concurrent.ShutdownEnabledTimer [67] - Shutdown hook removed for: NFLoadBalancer-PingTimer-SERVICE-HELLO
[ INFO ] [2017-12-26 09:10:38] com.netflix.util.concurrent.ShutdownEnabledTimer [72] - Exception caught (might be ok if at shutdown)
java.lang.IllegalStateException: Shutdown in progress
	at java.lang.ApplicationShutdownHooks.remove(ApplicationShutdownHooks.java:82)
	at java.lang.Runtime.removeShutdownHook(Runtime.java:239)
	at com.netflix.util.concurrent.ShutdownEnabledTimer.cancel(ShutdownEnabledTimer.java:70)
	at com.netflix.loadbalancer.BaseLoadBalancer.cancelPingTask(BaseLoadBalancer.java:613)
	at com.netflix.loadbalancer.BaseLoadBalancer.shutdown(BaseLoadBalancer.java:864)
	at com.netflix.loadbalancer.DynamicServerListLoadBalancer.shutdown(DynamicServerListLoadBalancer.java:277)
	at sun.reflect.NativeMethodAccessorImpl.invoke0(Native Method)
	at sun.reflect.NativeMethodAccessorImpl.invoke(NativeMethodAccessorImpl.java:62)
	at sun.reflect.DelegatingMethodAccessorImpl.invoke(DelegatingMethodAccessorImpl.java:43)
	at java.lang.reflect.Method.invoke(Method.java:498)
	at org.springframework.beans.factory.support.DisposableBeanAdapter.invokeCustomDestroyMethod(DisposableBeanAdapter.java:364)
	at org.springframework.beans.factory.support.DisposableBeanAdapter.destroy(DisposableBeanAdapter.java:287)
	at org.springframework.beans.factory.support.DefaultSingletonBeanRegistry.destroyBean(DefaultSingletonBeanRegistry.java:578)
	at org.springframework.beans.factory.support.DefaultSingletonBeanRegistry.destroySingleton(DefaultSingletonBeanRegistry.java:554)
	at org.springframework.beans.factory.support.DefaultListableBeanFactory.destroySingleton(DefaultListableBeanFactory.java:961)
	at org.springframework.beans.factory.support.DefaultSingletonBeanRegistry.destroySingletons(DefaultSingletonBeanRegistry.java:523)
	at org.springframework.beans.factory.support.DefaultListableBeanFactory.destroySingletons(DefaultListableBeanFactory.java:968)
	at org.springframework.context.support.AbstractApplicationContext.destroyBeans(AbstractApplicationContext.java:1033)
	at org.springframework.context.support.AbstractApplicationContext.doClose(AbstractApplicationContext.java:1009)
	at org.springframework.context.support.AbstractApplicationContext.close(AbstractApplicationContext.java:961)
	at org.springframework.cloud.context.named.NamedContextFactory.destroy(NamedContextFactory.java:76)
	at org.springframework.beans.factory.support.DisposableBeanAdapter.destroy(DisposableBeanAdapter.java:272)
	at org.springframework.beans.factory.support.DefaultSingletonBeanRegistry.destroyBean(DefaultSingletonBeanRegistry.java:578)
	at org.springframework.beans.factory.support.DefaultSingletonBeanRegistry.destroySingleton(DefaultSingletonBeanRegistry.java:554)
	at org.springframework.beans.factory.support.DefaultListableBeanFactory.destroySingleton(DefaultListableBeanFactory.java:961)
	at org.springframework.beans.factory.support.DefaultSingletonBeanRegistry.destroySingletons(DefaultSingletonBeanRegistry.java:523)
	at org.springframework.beans.factory.support.DefaultListableBeanFactory.destroySingletons(DefaultListableBeanFactory.java:968)
	at org.springframework.context.support.AbstractApplicationContext.destroyBeans(AbstractApplicationContext.java:1033)
	at org.springframework.context.support.AbstractApplicationContext.doClose(AbstractApplicationContext.java:1009)
	at org.springframework.context.support.AbstractApplicationContext$2.run(AbstractApplicationContext.java:928)
